\BOOKMARK [1][-]{section.1}{\376\377\000I\000n\000t\000r\000o\000d\000u\000c\000t\000i\000o\000n}{}% 1
\BOOKMARK [1][-]{section.2}{\376\377\000R\000e\000s\000u\000l\000t\000s}{}% 2
\BOOKMARK [2][-]{subsection.2.1}{\376\377\000O\000v\000e\000r\000a\000l\000l\000\040\000F\000i\000n\000d\000i\000n\000g\000s}{section.2}% 3
\BOOKMARK [2][-]{subsection.2.2}{\376\377\000N\000o\000t\000a\000b\000l\000e\000\040\000E\000v\000e\000n\000t\000s}{section.2}% 4
\BOOKMARK [1][-]{section.3}{\376\377\000D\000i\000s\000c\000u\000s\000s\000i\000o\000n}{}% 5
\BOOKMARK [1][-]{section.4}{\376\377\000C\000o\000n\000c\000l\000u\000s\000i\000o\000n}{}% 6
\BOOKMARK [1][-]{appendix.A}{\376\377\000C\000o\000m\000p\000l\000e\000t\000e\000\040\000E\000v\000e\000n\000t\000\040\000P\000l\000o\000t\000s}{}% 7
\BOOKMARK [2][-]{subsection.A.1}{\376\377\000A\000p\000r\000i\000l\000\040\0002\0000\000,\000\040\0002\0000\0002\0005}{appendix.A}% 8
\BOOKMARK [2][-]{subsection.A.2}{\376\377\000A\000p\000r\000i\000l\000\040\0002\0001\000,\000\040\0002\0000\0002\0005}{appendix.A}% 9
\BOOKMARK [2][-]{subsection.A.3}{\376\377\000A\000p\000r\000i\000l\000\040\0002\0002\000,\000\040\0002\0000\0002\0005}{appendix.A}% 10
\BOOKMARK [2][-]{subsection.A.4}{\376\377\000A\000p\000r\000i\000l\000\040\0002\0003\000,\000\040\0002\0000\0002\0005}{appendix.A}% 11
\BOOKMARK [2][-]{subsection.A.5}{\376\377\000A\000p\000r\000i\000l\000\040\0002\0004\000,\000\040\0002\0000\0002\0005}{appendix.A}% 12
\BOOKMARK [2][-]{subsection.A.6}{\376\377\000A\000p\000r\000i\000l\000\040\0002\0005\000,\000\040\0002\0000\0002\0005}{appendix.A}% 13
\BOOKMARK [2][-]{subsection.A.7}{\376\377\000A\000p\000r\000i\000l\000\040\0002\0006\000,\000\040\0002\0000\0002\0005}{appendix.A}% 14
\BOOKMARK [2][-]{subsection.A.8}{\376\377\000A\000p\000r\000i\000l\000\040\0002\0007\000,\000\040\0002\0000\0002\0005}{appendix.A}% 15
\BOOKMARK [2][-]{subsection.A.9}{\376\377\000A\000p\000r\000i\000l\000\040\0003\0000\000,\000\040\0002\0000\0002\0005}{appendix.A}% 16
\BOOKMARK [2][-]{subsection.A.10}{\376\377\000M\000a\000y\000\040\0004\000,\000\040\0002\0000\0002\0005}{appendix.A}% 17
\BOOKMARK [2][-]{subsection.A.11}{\376\377\000M\000a\000y\000\040\0006\000,\000\040\0002\0000\0002\0005}{appendix.A}% 18
\BOOKMARK [2][-]{subsection.A.12}{\376\377\000M\000a\000y\000\040\0007\000,\000\040\0002\0000\0002\0005}{appendix.A}% 19
\BOOKMARK [2][-]{subsection.A.13}{\376\377\000M\000a\000y\000\040\0008\000,\000\040\0002\0000\0002\0005}{appendix.A}% 20
\BOOKMARK [2][-]{subsection.A.14}{\376\377\000M\000a\000y\000\040\0009\000,\000\040\0002\0000\0002\0005}{appendix.A}% 21
\BOOKMARK [2][-]{subsection.A.15}{\376\377\000M\000a\000y\000\040\0001\0000\000,\000\040\0002\0000\0002\0005}{appendix.A}% 22
\BOOKMARK [2][-]{subsection.A.16}{\376\377\000M\000a\000y\000\040\0001\0001\000,\000\040\0002\0000\0002\0005}{appendix.A}% 23
\BOOKMARK [2][-]{subsection.A.17}{\376\377\000M\000a\000y\000\040\0001\0004\000,\000\040\0002\0000\0002\0005}{appendix.A}% 24
\BOOKMARK [2][-]{subsection.A.18}{\376\377\000M\000a\000y\000\040\0001\0005\000,\000\040\0002\0000\0002\0005}{appendix.A}% 25
\BOOKMARK [2][-]{subsection.A.19}{\376\377\000M\000a\000y\000\040\0001\0009\000,\000\040\0002\0000\0002\0005}{appendix.A}% 26
